<?xml version="1.0" encoding="UTF-8"?>
<!-- Generated by org.testng.reporters.JUnitReportReporter -->
<testsuite hostname="MT-PF15XYQM" failures="0" tests="1" name="Runner.TestCase3" time="0.022" errors="0" timestamp="2022-07-28T13:26:08 IST" skipped="0">
  <testcase classname="Runner.TestCase3" name="test" time="0.022"/>
  <system-out/>
</testsuite> <!-- Runner.TestCase3 -->
