<?xml version="1.0" encoding="UTF-8"?>
<!-- Generated by org.testng.reporters.JUnitReportReporter -->
<testsuite hostname="MT-PF15XYQM" failures="0" tests="1" name="Runner.TestCase1" time="0.002" errors="0" timestamp="2022-07-28T13:02:18 IST" skipped="0">
  <testcase classname="Runner.TestCase1" name="test" time="0.002"/>
  <system-out/>
</testsuite> <!-- Runner.TestCase1 -->
